<?xml version="1.0" encoding="utf-8"?>
<rss version="2.0"
    xmlns:dc="http://purl.org/dc/elements/1.1/"
    xmlns:sy="http://purl.org/rss/1.0/modules/syndication/"
    xmlns:admin="http://webns.net/mvcb/"
    xmlns:rdf="http://www.w3.org/1999/02/22-rdf-syntax-ns#"
    xmlns:content="http://purl.org/rss/1.0/modules/content/"
	xmlns:atom="http://www.w3.org/2005/Atom">

    <channel>
    
    <title>Untappd</title>
	
    <link>https://untappd.com/rss/user/instagrahameileen?key=b8d2296398321e35d14ad22c0f7483f1</link>
	<atom:link href="https://untappd.com/rss/user/instagrahameileen?key=b8d2296398321e35d14ad22c0f7483f1" rel="self" type="application/rss+xml" />
    <description>Recent Brews on Untappd for instagrahameileen</description>
    <dc:language>en</dc:language>
    <dc:creator>info@untappd.com</dc:creator>

    <dc:rights>Copyright 2017</dc:rights>
    <admin:generatorAgent rdf:resource="http://www.codeigniter.com/" />

	
			<item>

          <title>Eileen G. is drinking a Hopmouth Double IPA by  Arcadia Brewing Company (Arcadia Ales) at Iron Horse Tap Room</title>
          <link>https://untappd.com/user/instagrahameileen/checkin/460106816</link>
			
          <guid>https://untappd.com/user/instagrahameileen/checkin/460106816</guid>

		<description>There&#39;s a weird sour flavor in here.</description>
      	<pubDate>Fri, 02 Jun 2017 22:45:08 +0000</pubDate>
        </item>
				<item>

          <title>Eileen G. is drinking a Songlines by  Right Proper Brewing Company at Iron Horse Tap Room</title>
          <link>https://untappd.com/user/instagrahameileen/checkin/460104270</link>
			
          <guid>https://untappd.com/user/instagrahameileen/checkin/460104270</guid>

		<description>Solid. Gets better as it goes.</description>
      	<pubDate>Fri, 02 Jun 2017 22:41:52 +0000</pubDate>
        </item>
				<item>

          <title>Eileen G. is drinking a Whiskers On Kittens Blonde Sour by  D9 Brewing Company at Iron Horse Tap Room</title>
          <link>https://untappd.com/user/instagrahameileen/checkin/460076384</link>
			
          <guid>https://untappd.com/user/instagrahameileen/checkin/460076384</guid>

		<description>Just sour. Nothing else.</description>
      	<pubDate>Fri, 02 Jun 2017 22:05:16 +0000</pubDate>
        </item>
				<item>

          <title>Eileen G. is drinking a Myrcenary Double IPA by  Odell Brewing Co.</title>
          <link>https://untappd.com/user/instagrahameileen/checkin/459753311</link>
			
          <guid>https://untappd.com/user/instagrahameileen/checkin/459753311</guid>

		<description>Tastes like hop candy.</description>
      	<pubDate>Fri, 02 Jun 2017 01:16:06 +0000</pubDate>
        </item>
				<item>

          <title>Eileen G. is drinking a The Real Peel IPA by  Avery Brewing Co.</title>
          <link>https://untappd.com/user/instagrahameileen/checkin/459192737</link>
			
          <guid>https://untappd.com/user/instagrahameileen/checkin/459192737</guid>

		<description>Like airplane OJ</description>
      	<pubDate>Wed, 31 May 2017 01:09:31 +0000</pubDate>
        </item>
				<item>

          <title>Eileen G. is drinking a Drunken Master by  Melvin Brewing</title>
          <link>https://untappd.com/user/instagrahameileen/checkin/458994364</link>
			
          <guid>https://untappd.com/user/instagrahameileen/checkin/458994364</guid>

		<description>Spruce and lots of bitter hop. A little sweet, but not overwhelming.</description>
      	<pubDate>Tue, 30 May 2017 02:20:29 +0000</pubDate>
        </item>
				<item>

          <title>Eileen G. is drinking a Rye on Rye on Rye (2017) by  Boulevard Brewing Co.</title>
          <link>https://untappd.com/user/instagrahameileen/checkin/458987702</link>
			
          <guid>https://untappd.com/user/instagrahameileen/checkin/458987702</guid>

		<description>Tastes like a rye barrel &#45; lots of booze!</description>
      	<pubDate>Tue, 30 May 2017 01:59:11 +0000</pubDate>
        </item>
				<item>

          <title>Eileen G. is drinking an Oatsmobile Ale by  Bell&#39;s Brewery</title>
          <link>https://untappd.com/user/instagrahameileen/checkin/458816552</link>
			
          <guid>https://untappd.com/user/instagrahameileen/checkin/458816552</guid>

		<description>Nothing special here.</description>
      	<pubDate>Mon, 29 May 2017 20:22:09 +0000</pubDate>
        </item>
				<item>

          <title>Eileen G. is drinking an Interactive Exhibit by  Hop Farm Brewing Company at Hop Farm Brewing Company</title>
          <link>https://untappd.com/user/instagrahameileen/checkin/457875322</link>
			
          <guid>https://untappd.com/user/instagrahameileen/checkin/457875322</guid>

		<description>Malty. Can taste the red hiding in here. Great bitterness.</description>
      	<pubDate>Sat, 27 May 2017 23:54:08 +0000</pubDate>
        </item>
				<item>

          <title>Eileen G. is drinking a Small Crop Session IPA by  Hop Farm Brewing Company at Hop Farm Brewing Company</title>
          <link>https://untappd.com/user/instagrahameileen/checkin/457865476</link>
			
          <guid>https://untappd.com/user/instagrahameileen/checkin/457865476</guid>

		<description>Surprisingly strong for a session.</description>
      	<pubDate>Sat, 27 May 2017 23:43:39 +0000</pubDate>
        </item>
				<item>

          <title>Eileen G. is drinking a Hop Farm IPA by  Hop Farm Brewing Company at Hop Farm Brewing Company</title>
          <link>https://untappd.com/user/instagrahameileen/checkin/457837031</link>
			
          <guid>https://untappd.com/user/instagrahameileen/checkin/457837031</guid>

		<description></description>
      	<pubDate>Sat, 27 May 2017 23:14:01 +0000</pubDate>
        </item>
				<item>

          <title>Eileen G. is drinking a Brewprint #6: Lupulin Power by  Grist House Craft Brewery  at Grist House Craft Brewery</title>
          <link>https://untappd.com/user/instagrahameileen/checkin/457781929</link>
			
          <guid>https://untappd.com/user/instagrahameileen/checkin/457781929</guid>

		<description>Notes of tangerine? Nice and crisp!</description>
      	<pubDate>Sat, 27 May 2017 22:18:41 +0000</pubDate>
        </item>
				<item>

          <title>Eileen G. is drinking a Hazedelic Juice Grenade by  Grist House Craft Brewery  at Grist House Craft Brewery</title>
          <link>https://untappd.com/user/instagrahameileen/checkin/457780882</link>
			
          <guid>https://untappd.com/user/instagrahameileen/checkin/457780882</guid>

		<description>Taste as the name implies.</description>
      	<pubDate>Sat, 27 May 2017 22:17:39 +0000</pubDate>
        </item>
				<item>

          <title>Eileen G. is drinking a Tranquil Elephantizer by  Brew Gentlemen at Brew Gentlemen</title>
          <link>https://untappd.com/user/instagrahameileen/checkin/457587233</link>
			
          <guid>https://untappd.com/user/instagrahameileen/checkin/457587233</guid>

		<description>Very light. Is it an IPA?</description>
      	<pubDate>Sat, 27 May 2017 19:11:25 +0000</pubDate>
        </item>
				<item>

          <title>Eileen G. is drinking a General Braddock&#39;s IPA by  Brew Gentlemen at Brew Gentlemen</title>
          <link>https://untappd.com/user/instagrahameileen/checkin/457560735</link>
			
          <guid>https://untappd.com/user/instagrahameileen/checkin/457560735</guid>

		<description>A little spicy, a little citrus. Definitely bitter but won&#39;t knock your socks off. Well done!</description>
      	<pubDate>Sat, 27 May 2017 18:44:21 +0000</pubDate>
        </item>
				<item>

          <title>Eileen G. is drinking a Tiny Tross by  Brew Gentlemen at Brew Gentlemen</title>
          <link>https://untappd.com/user/instagrahameileen/checkin/457549354</link>
			
          <guid>https://untappd.com/user/instagrahameileen/checkin/457549354</guid>

		<description>Crisp and light. Looks like pinealpple juice!</description>
      	<pubDate>Sat, 27 May 2017 18:32:02 +0000</pubDate>
        </item>
				<item>

          <title>Eileen G. is drinking a Tangerine Quad by  Avery Brewing Co.</title>
          <link>https://untappd.com/user/instagrahameileen/checkin/457068123</link>
			
          <guid>https://untappd.com/user/instagrahameileen/checkin/457068123</guid>

		<description>Woah. This is straight up booze. Not excited about this whole pint.</description>
      	<pubDate>Fri, 26 May 2017 22:52:14 +0000</pubDate>
        </item>
				<item>

          <title>Eileen G. is drinking a St. Anthony&#39;s Fire by  Urban Family Brewing</title>
          <link>https://untappd.com/user/instagrahameileen/checkin/457024251</link>
			
          <guid>https://untappd.com/user/instagrahameileen/checkin/457024251</guid>

		<description>This is weird.</description>
      	<pubDate>Fri, 26 May 2017 21:57:28 +0000</pubDate>
        </item>
				<item>

          <title>Eileen G. is drinking an Adventurous Stranger by  Campanology Brewing</title>
          <link>https://untappd.com/user/instagrahameileen/checkin/457002803</link>
			
          <guid>https://untappd.com/user/instagrahameileen/checkin/457002803</guid>

		<description>This label is amazing! Particularly this seahorse. Coffee covering kolsch makes it so much better!</description>
      	<pubDate>Fri, 26 May 2017 21:28:53 +0000</pubDate>
        </item>
				<item>

          <title>Eileen G. is drinking an Intertidal by  Finback Brewery</title>
          <link>https://untappd.com/user/instagrahameileen/checkin/456990295</link>
			
          <guid>https://untappd.com/user/instagrahameileen/checkin/456990295</guid>

		<description>Smell and taste are off, but both are good.</description>
      	<pubDate>Fri, 26 May 2017 21:11:57 +0000</pubDate>
        </item>
				<item>

          <title>Eileen G. is drinking a Cucumber Crush by  10 Barrel Brewing Co.</title>
          <link>https://untappd.com/user/instagrahameileen/checkin/456984848</link>
			
          <guid>https://untappd.com/user/instagrahameileen/checkin/456984848</guid>

		<description>Wow! Not terrible! The cucumber look lightens things without being overwhelmingly cucumber&#45;y.</description>
      	<pubDate>Fri, 26 May 2017 21:04:21 +0000</pubDate>
        </item>
				<item>

          <title>Eileen G. is drinking a 360° India Pale Ale by  Sly Fox Brewing Company</title>
          <link>https://untappd.com/user/instagrahameileen/checkin/456585058</link>
			
          <guid>https://untappd.com/user/instagrahameileen/checkin/456585058</guid>

		<description>Nice combination of hops</description>
      	<pubDate>Thu, 25 May 2017 22:55:50 +0000</pubDate>
        </item>
				<item>

          <title>Eileen G. is drinking a Thick Mint by  Southern Tier Brewing Company at The Simsbury Inn</title>
          <link>https://untappd.com/user/instagrahameileen/checkin/455185063</link>
			
          <guid>https://untappd.com/user/instagrahameileen/checkin/455185063</guid>

		<description>A little too strong on the bitter roast for me. Incognito at the breakfast table! #holleymacctrimony</description>
      	<pubDate>Sun, 21 May 2017 14:17:14 +0000</pubDate>
        </item>
				<item>

          <title>Eileen G. is drinking a Flying Jenny by  Grey Sail Brewing of RI at The Simsbury Inn</title>
          <link>https://untappd.com/user/instagrahameileen/checkin/455122024</link>
			
          <guid>https://untappd.com/user/instagrahameileen/checkin/455122024</guid>

		<description>Agreed with. D B. Hoppy and sharp.</description>
      	<pubDate>Sun, 21 May 2017 04:59:13 +0000</pubDate>
        </item>
				<item>

          <title>Eileen G. is drinking a Fuzzy Baby Ducks by  New England Brewing Co. at Max Burger</title>
          <link>https://untappd.com/user/instagrahameileen/checkin/454587687</link>
			
          <guid>https://untappd.com/user/instagrahameileen/checkin/454587687</guid>

		<description>Super citrus! Not so hoppy for an IPA. #holleymacctrimony!</description>
      	<pubDate>Sat, 20 May 2017 18:29:16 +0000</pubDate>
        </item>
		    
    </channel></rss>